[0328/063523.689:ERROR:process_reader_win.cc(123)] NtOpenThread: {Access Denied} A process has requested access to an object, but has not been granted those access rights. (0xc0000022)
[0328/063523.699:ERROR:exception_snapshot_win.cc(88)] thread ID 13224 not found in process
[0328/063523.700:WARNING:crash_report_exception_handler.cc(62)] ProcessSnapshotWin::Initialize failed
[0328/132020.208:ERROR:process_reader_win.cc(151)] SuspendThread: Access is denied. (0x5)
[0328/132020.208:ERROR:process_reader_win.cc(151)] SuspendThread: Access is denied. (0x5)
[0328/132020.208:ERROR:process_reader_win.cc(151)] SuspendThread: Access is denied. (0x5)
[0328/132020.208:ERROR:process_reader_win.cc(151)] SuspendThread: Access is denied. (0x5)
[0328/132020.364:ERROR:process_reader_win.cc(151)] SuspendThread: Access is denied. (0x5)
[0328/132020.364:ERROR:process_reader_win.cc(151)] SuspendThread: Access is denied. (0x5)
[0328/132020.364:ERROR:process_reader_win.cc(123)] NtOpenThread: {Access Denied} A process has requested access to an object, but has not been granted those access rights. (0xc0000022)
[0328/132020.505:ERROR:exception_snapshot_win.cc(88)] thread ID 11372 not found in process
[0328/132020.505:WARNING:crash_report_exception_handler.cc(62)] ProcessSnapshotWin::Initialize failed
[0328/133007.328:ERROR:process_reader_win.cc(123)] NtOpenThread: {Access Denied} A process has requested access to an object, but has not been granted those access rights. (0xc0000022)
[0328/133007.328:ERROR:exception_snapshot_win.cc(88)] thread ID 12524 not found in process
[0328/133007.328:WARNING:crash_report_exception_handler.cc(62)] ProcessSnapshotWin::Initialize failed
[0328/140420.843:ERROR:process_reader_win.cc(123)] NtOpenThread: {Access Denied} A process has requested access to an object, but has not been granted those access rights. (0xc0000022)
[0328/140420.845:ERROR:exception_snapshot_win.cc(88)] thread ID 9180 not found in process
[0328/140420.845:WARNING:crash_report_exception_handler.cc(62)] ProcessSnapshotWin::Initialize failed
[0328/140420.846:ERROR:process_reader_win.cc(123)] NtOpenThread: {Access Denied} A process has requested access to an object, but has not been granted those access rights. (0xc0000022)
[0328/140420.847:ERROR:exception_snapshot_win.cc(88)] thread ID 3128 not found in process
[0328/140420.847:WARNING:crash_report_exception_handler.cc(62)] ProcessSnapshotWin::Initialize failed
[0328/140420.855:ERROR:process_reader_win.cc(123)] NtOpenThread: {Access Denied} A process has requested access to an object, but has not been granted those access rights. (0xc0000022)
[0328/140420.856:ERROR:exception_snapshot_win.cc(88)] thread ID 8312 not found in process
[0328/140420.856:WARNING:crash_report_exception_handler.cc(62)] ProcessSnapshotWin::Initialize failed
[0328/140535.960:ERROR:process_reader_win.cc(123)] NtOpenThread: {Access Denied} A process has requested access to an object, but has not been granted those access rights. (0xc0000022)
[0328/140535.960:ERROR:exception_snapshot_win.cc(88)] thread ID 10132 not found in process
[0328/140535.960:WARNING:crash_report_exception_handler.cc(62)] ProcessSnapshotWin::Initialize failed
[0328/140859.038:ERROR:process_reader_win.cc(123)] NtOpenThread: {Access Denied} A process has requested access to an object, but has not been granted those access rights. (0xc0000022)
[0328/140859.038:ERROR:exception_snapshot_win.cc(88)] thread ID 11836 not found in process
[0328/140859.038:WARNING:crash_report_exception_handler.cc(62)] ProcessSnapshotWin::Initialize failed
[0328/142220.795:ERROR:process_reader_win.cc(123)] NtOpenThread: {Access Denied} A process has requested access to an object, but has not been granted those access rights. (0xc0000022)
[0328/142220.796:ERROR:exception_snapshot_win.cc(88)] thread ID 3504 not found in process
[0328/142220.797:WARNING:crash_report_exception_handler.cc(62)] ProcessSnapshotWin::Initialize failed
[0328/142220.797:ERROR:process_reader_win.cc(123)] NtOpenThread: {Access Denied} A process has requested access to an object, but has not been granted those access rights. (0xc0000022)
[0328/142220.798:ERROR:exception_snapshot_win.cc(88)] thread ID 9164 not found in process
[0328/142220.798:WARNING:crash_report_exception_handler.cc(62)] ProcessSnapshotWin::Initialize failed
[0328/143100.945:ERROR:process_reader_win.cc(123)] NtOpenThread: {Access Denied} A process has requested access to an object, but has not been granted those access rights. (0xc0000022)
[0328/143100.948:ERROR:exception_snapshot_win.cc(88)] thread ID 12112 not found in process
[0328/143100.948:WARNING:crash_report_exception_handler.cc(62)] ProcessSnapshotWin::Initialize failed
[0329/142622.262:ERROR:process_reader_win.cc(123)] NtOpenThread: {Access Denied} A process has requested access to an object, but has not been granted those access rights. (0xc0000022)
[0329/142622.262:ERROR:exception_snapshot_win.cc(88)] thread ID 11300 not found in process
[0329/142622.262:WARNING:crash_report_exception_handler.cc(62)] ProcessSnapshotWin::Initialize failed
[0329/144447.989:ERROR:process_reader_win.cc(123)] NtOpenThread: {Access Denied} A process has requested access to an object, but has not been granted those access rights. (0xc0000022)
[0329/144447.989:ERROR:exception_snapshot_win.cc(88)] thread ID 9376 not found in process
[0329/144447.989:WARNING:crash_report_exception_handler.cc(62)] ProcessSnapshotWin::Initialize failed
[0329/144922.387:ERROR:process_reader_win.cc(123)] NtOpenThread: {Access Denied} A process has requested access to an object, but has not been granted those access rights. (0xc0000022)
[0329/144922.387:ERROR:exception_snapshot_win.cc(88)] thread ID 2540 not found in process
[0329/144922.387:WARNING:crash_report_exception_handler.cc(62)] ProcessSnapshotWin::Initialize failed
[0329/144927.222:ERROR:process_reader_win.cc(123)] NtOpenThread: {Access Denied} A process has requested access to an object, but has not been granted those access rights. (0xc0000022)
[0329/144927.222:ERROR:exception_snapshot_win.cc(88)] thread ID 6112 not found in process
[0329/144927.222:WARNING:crash_report_exception_handler.cc(62)] ProcessSnapshotWin::Initialize failed
[0329/150110.709:ERROR:process_reader_win.cc(123)] NtOpenThread: {Access Denied} A process has requested access to an object, but has not been granted those access rights. (0xc0000022)
[0329/150110.710:ERROR:exception_snapshot_win.cc(88)] thread ID 10572 not found in process
[0329/150110.710:WARNING:crash_report_exception_handler.cc(62)] ProcessSnapshotWin::Initialize failed
[0329/150110.713:ERROR:process_reader_win.cc(123)] NtOpenThread: {Access Denied} A process has requested access to an object, but has not been granted those access rights. (0xc0000022)
[0329/150110.714:ERROR:exception_snapshot_win.cc(88)] thread ID 1532 not found in process
[0329/150110.714:WARNING:crash_report_exception_handler.cc(62)] ProcessSnapshotWin::Initialize failed
[0329/152549.830:ERROR:process_reader_win.cc(123)] NtOpenThread: {Access Denied} A process has requested access to an object, but has not been granted those access rights. (0xc0000022)
[0329/152549.831:ERROR:exception_snapshot_win.cc(88)] thread ID 4204 not found in process
[0329/152549.831:WARNING:crash_report_exception_handler.cc(62)] ProcessSnapshotWin::Initialize failed
[0329/152549.832:ERROR:process_reader_win.cc(123)] NtOpenThread: {Access Denied} A process has requested access to an object, but has not been granted those access rights. (0xc0000022)
[0329/152549.833:ERROR:exception_snapshot_win.cc(88)] thread ID 8164 not found in process
[0329/152549.833:WARNING:crash_report_exception_handler.cc(62)] ProcessSnapshotWin::Initialize failed
[0330/082631.707:ERROR:process_reader_win.cc(123)] NtOpenThread: {Access Denied} A process has requested access to an object, but has not been granted those access rights. (0xc0000022)
[0330/082631.782:ERROR:exception_snapshot_win.cc(88)] thread ID 9900 not found in process
[0330/082631.782:WARNING:crash_report_exception_handler.cc(62)] ProcessSnapshotWin::Initialize failed
[0330/051250.525:ERROR:prune_crash_reports.cc(34)] PruneCrashReportDatabase: Failed to get pending reports
[0330/052927.227:ERROR:process_reader_win.cc(123)] NtOpenThread: {Access Denied} A process has requested access to an object, but has not been granted those access rights. (0xc0000022)
[0330/052927.228:ERROR:exception_snapshot_win.cc(88)] thread ID 2720 not found in process
[0330/052927.228:WARNING:crash_report_exception_handler.cc(62)] ProcessSnapshotWin::Initialize failed
[0330/052927.231:ERROR:process_reader_win.cc(123)] NtOpenThread: {Access Denied} A process has requested access to an object, but has not been granted those access rights. (0xc0000022)
[0330/052927.232:ERROR:exception_snapshot_win.cc(88)] thread ID 8028 not found in process
[0330/052927.232:WARNING:crash_report_exception_handler.cc(62)] ProcessSnapshotWin::Initialize failed
[0330/052927.231:ERROR:process_reader_win.cc(123)] NtOpenThread: {Access Denied} A process has requested access to an object, but has not been granted those access rights. (0xc0000022)
[0330/052927.232:ERROR:exception_snapshot_win.cc(88)] thread ID 2732 not found in process
[0330/052927.232:WARNING:crash_report_exception_handler.cc(62)] ProcessSnapshotWin::Initialize failed
[0330/053403.476:ERROR:process_reader_win.cc(123)] NtOpenThread: {Access Denied} A process has requested access to an object, but has not been granted those access rights. (0xc0000022)
[0330/053403.476:ERROR:exception_snapshot_win.cc(88)] thread ID 5084 not found in process
[0330/053403.476:WARNING:crash_report_exception_handler.cc(62)] ProcessSnapshotWin::Initialize failed
[0330/054059.361:ERROR:process_reader_win.cc(123)] NtOpenThread: {Access Denied} A process has requested access to an object, but has not been granted those access rights. (0xc0000022)
[0330/054059.361:ERROR:exception_snapshot_win.cc(88)] thread ID 10908 not found in process
[0330/054059.361:WARNING:crash_report_exception_handler.cc(62)] ProcessSnapshotWin::Initialize failed
[0330/060830.787:ERROR:process_reader_win.cc(123)] NtOpenThread: {Access Denied} A process has requested access to an object, but has not been granted those access rights. (0xc0000022)
[0330/060830.788:ERROR:exception_snapshot_win.cc(88)] thread ID 1980 not found in process
[0330/060830.788:WARNING:crash_report_exception_handler.cc(62)] ProcessSnapshotWin::Initialize failed
[0330/062445.302:ERROR:process_reader_win.cc(123)] NtOpenThread: {Access Denied} A process has requested access to an object, but has not been granted those access rights. (0xc0000022)
[0330/062445.302:ERROR:exception_snapshot_win.cc(88)] thread ID 6008 not found in process
[0330/062445.302:WARNING:crash_report_exception_handler.cc(62)] ProcessSnapshotWin::Initialize failed
[0330/064228.885:ERROR:process_reader_win.cc(123)] NtOpenThread: {Access Denied} A process has requested access to an object, but has not been granted those access rights. (0xc0000022)
[0330/064228.886:ERROR:exception_snapshot_win.cc(88)] thread ID 8712 not found in process
[0330/064228.886:WARNING:crash_report_exception_handler.cc(62)] ProcessSnapshotWin::Initialize failed
[0330/064228.887:ERROR:process_reader_win.cc(123)] NtOpenThread: {Access Denied} A process has requested access to an object, but has not been granted those access rights. (0xc0000022)
[0330/064228.888:ERROR:exception_snapshot_win.cc(88)] thread ID 3788 not found in process
[0330/064228.888:WARNING:crash_report_exception_handler.cc(62)] ProcessSnapshotWin::Initialize failed
[0330/064416.579:ERROR:process_reader_win.cc(123)] NtOpenThread: {Access Denied} A process has requested access to an object, but has not been granted those access rights. (0xc0000022)
[0330/064416.579:ERROR:exception_snapshot_win.cc(88)] thread ID 7768 not found in process
[0330/064416.579:WARNING:crash_report_exception_handler.cc(62)] ProcessSnapshotWin::Initialize failed
[0330/064545.383:ERROR:process_reader_win.cc(123)] NtOpenThread: {Access Denied} A process has requested access to an object, but has not been granted those access rights. (0xc0000022)
[0330/064545.384:ERROR:exception_snapshot_win.cc(88)] thread ID 9920 not found in process
[0330/064545.384:WARNING:crash_report_exception_handler.cc(62)] ProcessSnapshotWin::Initialize failed
[0330/064913.361:ERROR:process_reader_win.cc(123)] NtOpenThread: {Access Denied} A process has requested access to an object, but has not been granted those access rights. (0xc0000022)
[0330/064913.361:ERROR:exception_snapshot_win.cc(88)] thread ID 4444 not found in process
[0330/064913.362:WARNING:crash_report_exception_handler.cc(62)] ProcessSnapshotWin::Initialize failed
[0330/074535.027:ERROR:process_reader_win.cc(123)] NtOpenThread: {Access Denied} A process has requested access to an object, but has not been granted those access rights. (0xc0000022)
[0330/074535.028:ERROR:exception_snapshot_win.cc(88)] thread ID 9332 not found in process
[0330/074535.028:WARNING:crash_report_exception_handler.cc(62)] ProcessSnapshotWin::Initialize failed
[0330/083027.443:ERROR:process_reader_win.cc(123)] NtOpenThread: {Access Denied} A process has requested access to an object, but has not been granted those access rights. (0xc0000022)
[0330/083027.444:ERROR:exception_snapshot_win.cc(88)] thread ID 10512 not found in process
[0330/083027.444:WARNING:crash_report_exception_handler.cc(62)] ProcessSnapshotWin::Initialize failed
[0330/083207.776:ERROR:process_reader_win.cc(123)] NtOpenThread: {Access Denied} A process has requested access to an object, but has not been granted those access rights. (0xc0000022)
[0330/083207.777:ERROR:exception_snapshot_win.cc(88)] thread ID 6524 not found in process
[0330/083207.777:WARNING:crash_report_exception_handler.cc(62)] ProcessSnapshotWin::Initialize failed
[0330/083932.402:ERROR:process_reader_win.cc(123)] NtOpenThread: {Access Denied} A process has requested access to an object, but has not been granted those access rights. (0xc0000022)
[0330/083932.404:ERROR:exception_snapshot_win.cc(88)] thread ID 336 not found in process
[0330/083932.404:WARNING:crash_report_exception_handler.cc(62)] ProcessSnapshotWin::Initialize failed
[0330/124322.452:ERROR:process_reader_win.cc(123)] NtOpenThread: {Access Denied} A process has requested access to an object, but has not been granted those access rights. (0xc0000022)
[0330/124322.452:ERROR:exception_snapshot_win.cc(88)] thread ID 11372 not found in process
[0330/124322.453:WARNING:crash_report_exception_handler.cc(62)] ProcessSnapshotWin::Initialize failed
[0330/124742.329:ERROR:process_reader_win.cc(123)] NtOpenThread: {Access Denied} A process has requested access to an object, but has not been granted those access rights. (0xc0000022)
[0330/124742.330:ERROR:exception_snapshot_win.cc(88)] thread ID 6188 not found in process
[0330/124742.330:WARNING:crash_report_exception_handler.cc(62)] ProcessSnapshotWin::Initialize failed
[0331/143527.641:ERROR:process_reader_win.cc(123)] NtOpenThread: {Access Denied} A process has requested access to an object, but has not been granted those access rights. (0xc0000022)
[0331/143527.642:ERROR:exception_snapshot_win.cc(88)] thread ID 104 not found in process
[0331/143527.642:WARNING:crash_report_exception_handler.cc(62)] ProcessSnapshotWin::Initialize failed
[0331/144131.302:ERROR:process_reader_win.cc(123)] NtOpenThread: {Access Denied} A process has requested access to an object, but has not been granted those access rights. (0xc0000022)
[0331/144131.302:ERROR:exception_snapshot_win.cc(88)] thread ID 8388 not found in process
[0331/144131.302:WARNING:crash_report_exception_handler.cc(62)] ProcessSnapshotWin::Initialize failed
[0331/144747.461:ERROR:process_reader_win.cc(123)] NtOpenThread: {Access Denied} A process has requested access to an object, but has not been granted those access rights. (0xc0000022)
[0331/144747.462:ERROR:exception_snapshot_win.cc(88)] thread ID 1176 not found in process
[0331/144747.462:WARNING:crash_report_exception_handler.cc(62)] ProcessSnapshotWin::Initialize failed
[0331/144747.477:ERROR:process_reader_win.cc(123)] NtOpenThread: {Access Denied} A process has requested access to an object, but has not been granted those access rights. (0xc0000022)
[0331/144747.478:ERROR:exception_snapshot_win.cc(88)] thread ID 12516 not found in process
[0331/144747.478:WARNING:crash_report_exception_handler.cc(62)] ProcessSnapshotWin::Initialize failed
